<?xml version="1.0" encoding="UTF-8"?>
<!-- Generated by org.testng.reporters.JUnitXMLReporter -->
<testsuite ignored="0" hostname="INLEN8520025282" failures="0" tests="3" name="Test" time="6.498" errors="0" timestamp="2022-06-14T16:19:31 IST">
  <testcase classname="Test.VerifyGetMethod" name="TestCreateMethod" time="3.43"/>
  <testcase classname="Test.VerifyGetMethod" name="TestGetMethod" time="1.514"/>
  <testcase classname="Test.VerifyCreateMethod" name="TestCreateMethod" time="1.513"/>
</testsuite> <!-- Test -->
