<?xml version="1.0" encoding="UTF-8"?>
<testng-results ignored="0" total="1" passed="1" failed="0" skipped="0">
  <reporter-output>
  </reporter-output>
  <suite started-at="2022-06-15T11:27:49 IST" name="Default suite" finished-at="2022-06-15T11:27:53 IST" duration-ms="4256">
    <groups>
    </groups>
    <test started-at="2022-06-15T11:27:49 IST" name="Default test" finished-at="2022-06-15T11:27:53 IST" duration-ms="4256">
      <class name="Test.VerifyCreateMethod">
        <test-method signature="TestpostMethod()[pri:0, instance:Test.VerifyCreateMethod@3315d2d7]" started-at="2022-06-15T11:27:49 IST" name="TestpostMethod" finished-at="2022-06-15T11:27:53 IST" duration-ms="4232" status="PASS">
          <reporter-output>
          </reporter-output>
        </test-method> <!-- TestpostMethod -->
      </class> <!-- Test.VerifyCreateMethod -->
    </test> <!-- Default test -->
  </suite> <!-- Default suite -->
</testng-results>
